[22:56:02.436] [INFO] storybook v10.2.9
[22:56:02.942] [DEBUG] Getting package.json info for /Users/kobataka/Documents/htdocs/my-works/next-starter/package.json...
[22:56:03.631] [INFO] [35mstorybook/test[39m: You're using @storybook/nextjs, which is a Webpack-based builder. In order to use Storybook's Vitest addon, with your project, you need to use '@storybook/nextjs-vite', a high performance Vite-based equivalent.

Refer to the following documentation for more information: [33mhttps://storybook.js.org/docs/get-started/frameworks/nextjs-vite?ref=upgrade#choose-between-vite-and-webpack[39m
[22:56:03.649] [DEBUG] Serving static files from [36mpublic[39m at [36m/[39m
[22:56:03.649] [INFO] Starting...
[22:56:03.765] [DEBUG] Starting preview..
[22:56:03.778] [INFO] Addon-docs: using MDX3
[22:56:03.794] [INFO] Using implicit CSS loaders
[22:56:03.889] [INFO] Using SWC as compiler
[22:56:03.895] [INFO] Using default Webpack5 setup
[22:56:04.188] [DEBUG] Using tsconfig paths for react-docgen
[22:56:06.318] [ERROR] Failed to build the preview
[22:56:06.324] [WARN] Force closed preview build
[22:56:06.325] [ERROR] [38;2;241;97;97mSB_BUILDER-WEBPACK5_0003 (WebpackCompilationError): There were problems when compiling your code with Webpack.
Run Storybook with --debug-webpack for more information.[39m
    at starter (file://./node_modules/.pnpm/@storybook+builder-webpack5@10.2.9_esbuild@0.27.3_storybook@10.2.9_@testing-library+dom@10.4._drtey6knw36vwnf2jh6qfye7ta/node_modules/@storybook/builder-webpack5/dist/index.js:799:11)
    at starter.next (<anonymous>)
    at Module.start (file://./node_modules/.pnpm/@storybook+builder-webpack5@10.2.9_esbuild@0.27.3_storybook@10.2.9_@testing-library+dom@10.4._drtey6knw36vwnf2jh6qfye7ta/node_modules/@storybook/builder-webpack5/dist/index.js:857:34)
    at process.processTicksAndRejections (node:internal/process/task_queues:105:5)
    at async storybookDevServer (file://./node_modules/.pnpm/storybook@10.2.9_@testing-library+dom@10.4.1_prettier@3.8.1_react-dom@19.2.4_react@19.2.4__react@19.2.4/node_modules/storybook/dist/core-server/index.js:7207:83)
    at async buildOrThrow (file://./node_modules/.pnpm/storybook@10.2.9_@testing-library+dom@10.4.1_prettier@3.8.1_react-dom@19.2.4_react@19.2.4__react@19.2.4/node_modules/storybook/dist/core-server/index.js:4504:12)
    at async buildDevStandalone (file://./node_modules/.pnpm/storybook@10.2.9_@testing-library+dom@10.4.1_prettier@3.8.1_react-dom@19.2.4_react@19.2.4__react@19.2.4/node_modules/storybook/dist/core-server/index.js:7577:66)
    at async withTelemetry (file://./node_modules/.pnpm/storybook@10.2.9_@testing-library+dom@10.4.1_prettier@3.8.1_react-dom@19.2.4_react@19.2.4__react@19.2.4/node_modules/storybook/dist/_node-chunks/chunk-YZM6KGCT.js:218:12)
    at async dev (file://./node_modules/.pnpm/storybook@10.2.9_@testing-library+dom@10.4.1_prettier@3.8.1_react-dom@19.2.4_react@19.2.4__react@19.2.4/node_modules/storybook/dist/bin/core.js:2734:3)
    at async _Command.<anonymous> (file://./node_modules/.pnpm/storybook@10.2.9_@testing-library+dom@10.4.1_prettier@3.8.1_react-dom@19.2.4_react@19.2.4__react@19.2.4/node_modules/storybook/dist/bin/core.js:2803:92)
[22:56:06.326] [WARN] Broken build, fix the error above.
You may need to refresh the browser.